"../../../../../../Users/Ezra/Documents/GitHub/Lightbulb/LightbulbProject/Content/VRExpansion/Vive/Testing/Car/VehicleAdv/Materials/MasterSolidColor.uasset" 0
"../../../../../../Users/Ezra/Documents/GitHub/Lightbulb/LightbulbProject/Content/Legacy_Assets/Legacy_Blueprints/Whiteboard_2nd_iteration/Orange.uasset" 1
"../../../../../../Users/Ezra/Documents/GitHub/Lightbulb/LightbulbProject/Content/Materials/Invisible.uasset" 2
"../../../../../../Users/Ezra/Documents/GitHub/Lightbulb/LightbulbProject/Content/VRExpansion/Vive/DefaultGameplayTags.uasset" 3
"../../../Engine/Content/EditorBlueprintResources/ActorMacros.uasset" 4
"../../../../../../Users/Ezra/Documents/GitHub/Lightbulb/LightbulbProject/Content/VirtualReality/Mannequin/Character/Mesh/MannequinHand_Right_Skeleton.uasset" 5
"../../../../../../Users/Ezra/Documents/GitHub/Lightbulb/LightbulbProject/Content/VirtualReality/Mannequin/Animations/MannequinHand_Right_CanGrab.uasset" 6
"../../../../../../Users/Ezra/Documents/GitHub/Lightbulb/LightbulbProject/Content/VirtualReality/Mannequin/Animations/MannequinHand_Right_Grab.uasset" 7
"../../../../../../Users/Ezra/Documents/GitHub/Lightbulb/LightbulbProject/Content/VirtualReality/Mannequin/Animations/MannequinHand_Right_Open.uasset" 8
"../../../../../../Users/Ezra/Documents/GitHub/Lightbulb/LightbulbProject/Content/VirtualReality/Mannequin/Animations/RightGrip_BS.uasset" 9
"../../../../../../Users/Ezra/Documents/GitHub/Lightbulb/LightbulbProject/Content/VirtualRealityBP/Blueprints/GripEnum.uasset" 10
"../../../../../../Users/Ezra/Documents/GitHub/Lightbulb/LightbulbProject/Content/VirtualReality/Mannequin/Animations/RightHand_AnimBP.uasset" 11
"../../../Engine/Content/EditorBlueprintResources/StandardMacros.uasset" 12
"../../../Engine/Content/Functions/Engine_MaterialFunctions02/Utility/BreakOutFloat2Components.uasset" 13
"../../../Engine/Content/Functions/Engine_MaterialFunctions01/Texturing/ScaleUVsByCenter.uasset" 14
"../../../Engine/Content/Functions/Engine_MaterialFunctions02/ScreenResolution.uasset" 15
"../../../Engine/Content/Functions/Engine_MaterialFunctions02/Texturing/ScreenAlignedUVs.uasset" 16
"../../../Engine/Content/Functions/Engine_MaterialFunctions02/Utility/CameraDirectionVector.uasset" 17
"../../../Engine/Content/Functions/Engine_MaterialFunctions02/Utility/DepthFromWorldPosition.uasset" 18
"../../../../../../Users/Ezra/Documents/GitHub/Lightbulb/LightbulbProject/Content/VirtualReality/Materials/MF_OccludedPixels.uasset" 19
"../../../../../../Users/Ezra/Documents/GitHub/Lightbulb/LightbulbProject/Content/VirtualReality/Materials/TeleportMCP.uasset" 20
"../../../Engine/Content/EngineMaterials/Good64x64TilingNoiseHighFreq.uasset" 21
"../../../../../../Users/Ezra/Documents/GitHub/Lightbulb/LightbulbProject/Content/VirtualReality/Materials/M_ArcEndpoint.uasset" 22
"../../../../../../Users/Ezra/Documents/GitHub/Lightbulb/LightbulbProject/Content/VirtualReality/Materials/M_SplineArcMat.uasset" 23
"../../../../../../Users/Ezra/Documents/GitHub/Lightbulb/LightbulbProject/Content/VRExpansion/Vive/LaserBeamSplineMat.uasset" 24
"../../../../../../Users/Ezra/Documents/GitHub/Lightbulb/LightbulbProject/Content/VirtualReality/Materials/M_TeleportPreviews.uasset" 25
"../../../../../../Users/Ezra/Documents/GitHub/Lightbulb/LightbulbProject/Content/VirtualReality/Materials/MI_ChaperoneOutline.uasset" 26
"../../../../../../Users/Ezra/Documents/GitHub/Lightbulb/LightbulbProject/Content/VirtualReality/Materials/MI_TeleportCylinderPreview.uasset" 27
"../../../../../../Users/Ezra/Documents/GitHub/Lightbulb/LightbulbProject/Content/VRExpansion/FirstPersonBP/FirstPerson/Meshes/BaseMaterial.uasset" 28
"../../../../../../Users/Ezra/Documents/GitHub/Lightbulb/LightbulbProject/Content/VRExpansion/FirstPersonBP/FirstPerson/Meshes/FirstPersonProjectileMaterial.uasset" 29
"../../../Engine/Content/Functions/Engine_MaterialFunctions01/Opacity/CameraDepthFade.uasset" 30
"../../../Engine/Content/EngineMaterials/T_Default_Material_Grid_M.uasset" 31
"../../../Engine/Content/EngineMaterials/T_Default_Material_Grid_N.uasset" 32
"../../../Engine/Content/EngineMaterials/DefaultMaterial.uasset" 33
"../../../Engine/Content/BasicShapes/Cylinder.uasset" 34
"../../../Engine/Content/BasicShapes/Sphere.uasset" 35
"../../../../../../Users/Ezra/Documents/GitHub/Lightbulb/LightbulbProject/Content/Geometry/Meshes/CubeMaterial.uasset" 36
"../../../../../../Users/Ezra/Documents/GitHub/Lightbulb/LightbulbProject/Content/Geometry/Meshes/1M_Cube.uasset" 37
"../../../Engine/Content/EngineMaterials/WorldGridMaterial.uasset" 38
"../../../../../../Users/Ezra/Documents/GitHub/Lightbulb/LightbulbProject/Content/VirtualReality/Meshes/1x1_cube.uasset" 39
"../../../../../../Users/Ezra/Documents/GitHub/Lightbulb/LightbulbProject/Content/VirtualReality/Meshes/BeaconDirection.uasset" 40
"../../../../../../Users/Ezra/Documents/GitHub/Lightbulb/LightbulbProject/Content/VirtualReality/Meshes/BeamMesh.uasset" 41
"../../../../../../Users/Ezra/Documents/GitHub/Lightbulb/LightbulbProject/Content/VirtualReality/Meshes/SM_FatCylinder.uasset" 42
"../../../../../../Users/Ezra/Documents/GitHub/Lightbulb/LightbulbProject/Content/VRExpansion/Vive/BP_Teleport_Controller.uasset" 43
"../../../Engine/Content/EngineFonts/RobotoDistanceField.uasset" 44
"../../../Engine/Content/Functions/Engine_MaterialFunctions02/Math/InverseTransformMatrix.uasset" 45
"../../../Engine/Content/Functions/Engine_MaterialFunctions02/Math/MakeVectorsOrthogonal.uasset" 46
"../../../Engine/Content/Functions/Engine_MaterialFunctions02/Utility/BreakOutFloat3Components.uasset" 47
"../../../Engine/Content/Functions/Engine_MaterialFunctions02/Math/Transform3x3Matrix.uasset" 48
"../../../Engine/Content/Functions/Engine_MaterialFunctions02/Utility/CameraVectorWithWPOOptions.uasset" 49
"../../../Engine/Content/Functions/Engine_MaterialFunctions02/Utility/VectorLength.uasset" 50
"../../../Engine/Content/Functions/Engine_MaterialFunctions02/WorldPositionOffset/ComponentPivotLocation.uasset" 51
"../../../Engine/Content/Functions/Engine_MaterialFunctions02/WorldPositionOffset/ObjectScale.uasset" 52
"../../../Engine/Content/Functions/Engine_MaterialFunctions02/WorldPositionOffset/AlignMeshToTheCamera.uasset" 53
"../../../../../../Users/Ezra/Documents/GitHub/Lightbulb/LightbulbProject/Content/VRExpansion/FirstPersonBP/Blueprints/DefaultTextMaterialOpaque2.uasset" 54
"../../../../../../Users/Ezra/Documents/GitHub/Lightbulb/LightbulbProject/Content/VRExpansion/Vive/BasicShapeMaterialTrans.uasset" 55
"../../../../../../Users/Ezra/Documents/GitHub/Lightbulb/LightbulbProject/Content/VRExpansion/FirstPerson/FPWeapon/Materials/MaterialLayers/T_ML_Rubber_Blue_01_D.uasset" 56
"../../../../../../Users/Ezra/Documents/GitHub/Lightbulb/LightbulbProject/Content/VRExpansion/Vive/VRDeviceMaterial.uasset" 57
"../../../../../../Users/Ezra/Documents/GitHub/Lightbulb/LightbulbProject/Content/VirtualReality/Mannequin/Character/Textures/UE4_Mannequin__normals.uasset" 58
"../../../../../../Users/Ezra/Documents/GitHub/Lightbulb/LightbulbProject/Content/VirtualReality/Mannequin/Character/Textures/UE4_Mannequin_MAT_MASKA.uasset" 59
"../../../../../../Users/Ezra/Documents/GitHub/Lightbulb/LightbulbProject/Content/VirtualReality/Mannequin/Character/Materials/M_HandMat.uasset" 60
"../../../../../../Users/Ezra/Documents/GitHub/Lightbulb/LightbulbProject/Content/VirtualReality/Mannequin/Character/Mesh/MannequinHand_Right_PhysicsAsset.uasset" 61
"../../../../../../Users/Ezra/Documents/GitHub/Lightbulb/LightbulbProject/Content/VirtualReality/Mannequin/Character/Mesh/MannequinHand_Right.uasset" 62
"../../../../../../Users/Ezra/Documents/GitHub/Lightbulb/LightbulbProject/Content/VRExpansion/Vive/MovementMode.uasset" 63
"../../../../../../Users/Ezra/Documents/GitHub/Lightbulb/LightbulbProject/Content/VRExpansion/Vive/VOIPAtten.uasset" 64
"../../../../../../Users/Ezra/Documents/GitHub/Lightbulb/LightbulbProject/Content/VRExpansion/Vive/Vive_PawnCharacter.uasset" 65
"../../../../../../Users/Ezra/Documents/GitHub/Lightbulb/LightbulbProject/Content/VRExpansion/Vive/FPS_VivePawnCharacter.uasset" 66
"../../../../../../Users/Ezra/Documents/GitHub/Lightbulb/LightbulbProject/Content/VRExpansion/Vive/Steam_VR_Player_Controller.uasset" 67
"../../../../../../Users/Ezra/Documents/GitHub/Lightbulb/LightbulbProject/Content/VRExpansion/Vive/SteamVR_GM.uasset" 68
"../../../../../../Users/Ezra/Documents/GitHub/Lightbulb/LightbulbProject/Content/VRExpansion/Vive/VRGameInstance.uasset" 69
"../../../../../../Users/Ezra/Documents/GitHub/Lightbulb/LightbulbProject/Content/VRExpansion/Vive/VRViewportClass.uasset" 70
"../../../Engine/Content/ArtTools/RenderToTexture/Meshes/S_1_Unit_Plane.uasset" 71
"../../../Engine/Content/BasicShapes/Cone.uasset" 72
"../../../Engine/Content/BasicShapes/Plane.uasset" 73
"../../../Engine/Content/EditorLandscapeResources/DataLayer.uasset" 74
"../../../Engine/Content/EditorMaterials/GizmoMaterial.uasset" 75
"../../../Engine/Content/EditorMaterials/MAT_Groups_Toggle.uasset" 76
"../../../Engine/Content/EditorMaterials/MAT_Groups_Visibility.uasset" 77
"../../../Engine/Content/EditorMaterials/PreviewShadowIndicator.uasset" 78
"../../../Engine/Content/EditorMaterials/PreviewShadowIndicatorMaterial.uasset" 79
"../../../Engine/Content/EditorMaterials/MatineeGroups/MAT_ColorTrack.uasset" 80
"../../../Engine/Content/EditorMaterials/MatineeGroups/MAT_Groups_Anim.uasset" 81
"../../../Engine/Content/EditorMaterials/MatineeGroups/MAT_Groups_AudioMaster.uasset" 82
"../../../Engine/Content/EditorMaterials/MatineeGroups/MAT_Groups_Director.uasset" 83
"../../../Engine/Content/EditorMaterials/MatineeGroups/MAT_Groups_Event.uasset" 84
"../../../Engine/Content/EditorMaterials/MatineeGroups/MAT_Groups_Fade.uasset" 85
"../../../Engine/Content/EditorMaterials/MatineeGroups/MAT_Groups_Float.uasset" 86
"../../../Engine/Content/EditorMaterials/MatineeGroups/MAT_Groups_Move.uasset" 87
"../../../Engine/Content/EditorMaterials/MatineeGroups/MAT_Groups_Slomo.uasset" 88
"../../../Engine/Content/EditorMaterials/MatineeGroups/MAT_Groups_Sound.uasset" 89
"../../../Engine/Content/EditorMaterials/MatineeGroups/MAT_Groups_Vector.uasset" 90
"../../../Engine/Content/EditorMaterials/ParticleSystems/PSysThumbnail_NoImage.uasset" 91
"../../../Engine/Content/EditorMaterials/ParticleSystems/PSysThumbnail_OOD.uasset" 92
"../../../Engine/Content/EditorMaterials/Camera/CineMat.uasset" 93
"../../../Engine/Content/EditorMaterials/Camera/MI_CineMat_Rig.uasset" 94
"../../../Engine/Content/EditorMeshes/Camera/SM_CraneRig_Arm.uasset" 95
"../../../Engine/Content/EditorMeshes/Camera/SM_CraneRig_Base.uasset" 96
"../../../Engine/Content/EditorMeshes/Camera/SM_CraneRig_Body.uasset" 97
"../../../Engine/Content/EditorMeshes/Camera/SM_CraneRig_Mount.uasset" 98
"../../../Engine/Content/EditorMeshes/Camera/SM_RailRig_Mount.uasset" 99
"../../../Engine/Content/EditorMeshes/Camera/SM_RailRig_Track.uasset" 100
"../../../Engine/Content/EditorResources/BSPVertex.uasset" 101
"../../../Engine/Content/EditorResources/EmptyActor.uasset" 102
"../../../Engine/Content/EditorResources/S_Actor.uasset" 103
"../../../Engine/Content/EditorResources/S_KHinge.uasset" 104
"../../../Engine/Content/EditorResources/S_KPrismatic.uasset" 105
"../../../Engine/Content/EditorResources/S_Trigger.uasset" 106
"../../../Engine/Content/EditorResources/LightIcons/S_LightError.uasset" 107
"../../../Engine/Content/EditorResources/SequenceRecorder/Countdown.uasset" 108
"../../../Engine/Content/EditorResources/SequenceRecorder/RecordingIndicator.uasset" 109
"../../../Engine/Content/EditorSounds/Notifications/CompileFailed.uasset" 110
"../../../Engine/Content/EditorSounds/Notifications/CompileFailed_Cue.uasset" 111
"../../../Engine/Content/EditorSounds/Notifications/CompileSuccess.uasset" 112
"../../../Engine/Content/EditorSounds/Notifications/CompileStart_Cue.uasset" 113
"../../../Engine/Content/EditorSounds/Notifications/CompileSuccess_Cue.uasset" 114
"../../../Engine/Content/EngineDamageTypes/DmgTypeBP_Environmental.uasset" 115
"../../../Engine/Content/EngineDebugMaterials/HeatmapGradient.uasset" 116
"../../../Engine/Content/EngineDebugMaterials/BoneWeightMaterial.uasset" 117
"../../../Engine/Content/EngineDebugMaterials/ClothMaterial.uasset" 118
"../../../Engine/Content/EngineDebugMaterials/ClothMaterial_WF.uasset" 119
"../../../Engine/Content/EngineDebugMaterials/DebugEditorMaterial.uasset" 120
"../../../Engine/Content/EngineDebugMaterials/DebugMeshMaterial.uasset" 121
"../../../Engine/Content/EngineDebugMaterials/GeomMaterial.uasset" 122
"../../../Engine/Content/EngineDebugMaterials/M_SimpleTranslucent.uasset" 123
"../../../Engine/Content/EngineFonts/Faces/RobotoBold.uasset" 124
"../../../Engine/Content/EngineFonts/Faces/RobotoBoldItalic.uasset" 125
"../../../Engine/Content/EngineFonts/Faces/RobotoItalic.uasset" 126
"../../../Engine/Content/EngineFonts/Faces/RobotoLight.uasset" 127
"../../../Engine/Content/EngineFonts/Faces/RobotoRegular.uasset" 128
"../../../Engine/Content/EngineFonts/Roboto.uasset" 129
"../../../Engine/Content/EngineFonts/Faces/RobotoTiny.uasset" 130
"../../../Engine/Content/EngineFonts/RobotoTiny.uasset" 131
"../../../Engine/Content/EngineMaterials/BaseFlattenDiffuseMap.uasset" 132
"../../../Engine/Content/EngineMaterials/BaseFlattenEmissiveMap.uasset" 133
"../../../Engine/Content/EngineMaterials/BaseFlattenGrayscaleMap.uasset" 134
"../../../Engine/Content/EngineMaterials/BaseFlattenNormalMap.uasset" 135
"../../../Engine/Content/EngineMaterials/BaseFlattenMaterial.uasset" 136
"../../../Engine/Content/EngineMaterials/DefaultBloomKernel.uasset" 137
"../../../Engine/Content/EngineMaterials/DefaultBokeh.uasset" 138
"../../../Engine/Content/EngineMaterials/DefaultDiffuse.uasset" 139
"../../../Engine/Content/EngineMaterials/DefaultDeferredDecalMaterial.uasset" 140
"../../../Engine/Content/EngineMaterials/DefaultLightFunctionMaterial.uasset" 141
"../../../Engine/Content/EngineMaterials/DefaultPhysicalMaterial.uasset" 142
"../../../Engine/Content/EngineMaterials/DefaultPostProcessMaterial.uasset" 143
"../../../Engine/Content/EngineMaterials/DefaultTextMaterialOpaque.uasset" 144
"../../../Engine/Content/EngineMaterials/DefaultWhiteGrid.uasset" 145
"../../../Engine/Content/EngineMaterials/EditorBrushMaterial.uasset" 146
"../../../Engine/Content/EngineMaterials/MiniFont.uasset" 147
"../../../Engine/Content/EngineMaterials/InvalidLightmapSettings.uasset" 148
"../../../Engine/Content/EngineMaterials/M_InvalidLightmapSettings.uasset" 149
"../../../Engine/Content/Functions/Engine_MaterialFunctions02/WorldPositionOffset/CameraOffset.uasset" 150
"../../../Engine/Content/EngineMaterials/PhAT_JointLimitMaterial.uasset" 151
"../../../Engine/Content/EngineMaterials/PreintegratedSkinBRDF.uasset" 152
"../../../Engine/Content/EngineMaterials/RemoveSurfaceMaterial.uasset" 153
"../../../Engine/Content/EngineMaterials/WeightMapPlaceholderTexture.uasset" 154
"../../../Engine/Content/EngineResources/WhiteSquareTexture.uasset" 155
"../../../Engine/Content/EngineMaterials/Widget3DPassThrough.uasset" 156
"../../../Engine/Content/EngineMaterials/Widget3DPassThrough_Masked.uasset" 157
"../../../Engine/Content/EngineMaterials/Widget3DPassThrough_Opaque.uasset" 158
"../../../Engine/Content/EngineMaterials/Widget3DPassThrough_Masked_OneSided.uasset" 159
"../../../Engine/Content/EngineMaterials/Widget3DPassThrough_Opaque_OneSided.uasset" 160
"../../../Engine/Content/EngineMaterials/Widget3DPassThrough_Translucent.uasset" 161
"../../../Engine/Content/EngineMaterials/Widget3DPassThrough_Translucent_OneSided.uasset" 162
"../../../Engine/Content/EngineMeshes/Cylinder.uasset" 163
"../../../Engine/Content/EngineMeshes/Sphere.uasset" 164
"../../../Engine/Content/EngineResources/Black.uasset" 165
"../../../Engine/Content/EngineResources/DefaultTexture.uasset" 166
"../../../Engine/Content/EngineResources/DefaultTextureCube.uasset" 167
"../../../Engine/Content/EngineResources/DefaultVolumeTexture2D.uasset" 168
"../../../Engine/Content/EngineResources/DefaultVolumeTexture.uasset" 169
"../../../Engine/Content/EngineResources/GradientTexture0.uasset" 170
"../../../Engine/Content/EngineSounds/Master.uasset" 171
"../../../Engine/Content/Functions/Engine_MaterialFunctions01/Shading/ConvertFromDiffSpec.uasset" 172
"../../../Engine/Content/Functions/Engine_MaterialFunctions01/Shading/PowerToRoughness.uasset" 173
"../../../Engine/Content/Maps/Templates/Thumbnails/Default.uasset" 174
"../../../Engine/Content/Maps/Templates/Thumbnails/VR-Basic.uasset" 175
"../../../Engine/Content/MobileResources/T_MobileControls_texture.uasset" 176
"../../../Engine/Content/MobileResources/T_MobileMenu2.uasset" 177
"../../../Engine/Content/MobileResources/HUD/AnalogHat.uasset" 178
"../../../Engine/Content/MobileResources/HUD/VirtualJoystick_Background.uasset" 179
"../../../Engine/Content/MobileResources/HUD/VirtualJoystick_Thumb.uasset" 180
"../../../Engine/Content/MobileResources/HUD/DefaultVirtualJoysticks.uasset" 181
"../../../Engine/Content/MobileResources/HUD/LeftVirtualJoystickOnly.uasset" 182
"../../../Engine/Content/MobileResources/HUD/MobileHUDButton1_off.uasset" 183
"../../../Engine/Content/MobileResources/HUD/MobileHUDButton1_on.uasset" 184
"../../../Engine/Content/MobileResources/HUD/MobileHUDButton2_off.uasset" 185
"../../../Engine/Content/MobileResources/HUD/MobileHUDButton2_on.uasset" 186
"../../../Engine/Content/MobileResources/HUD/MobileHUDButton3.uasset" 187
"../../../Engine/Content/MobileResources/HUD/MobileHUDButtonFire.uasset" 188
"../../../Engine/Content/MobileResources/HUD/MobileHUDDirectionPad.uasset" 189
"../../../Engine/Content/MobileResources/HUD/MobileHUDDirectionPad2.uasset" 190
"../../../Engine/Content/MobileResources/HUD/MobileHUDDirectionPad3.uasset" 191
"../../../Engine/Content/MobileResources/HUD/MobileHUDDirectionStick.uasset" 192
"../../../Engine/Content/MobileResources/HUD/T_Castle_ThumbstickInner.uasset" 193
"../../../Engine/Content/MobileResources/HUD/T_Castle_ThumbstickOutter.uasset" 194
"../../../Engine/Content/Tutorial/ContentIntroCurve.uasset" 195
"../../../Engine/Content/VREditor/LaserPointer/VR_LaserPower_01.uasset" 196
"../../../Engine/Content/VREditor/TransformGizmo/TransformGizmoMaterial.uasset" 197
"../../../Engine/Content/VREditor/TransformGizmo/TranslucentTransformGizmoMaterial.uasset" 198
"../../../Engine/Content/VREditor/TransformGizmo/BoundingBoxCorner.uasset" 199
"../../../Engine/Content/VREditor/TransformGizmo/BoundingBoxEdge.uasset" 200
"../../../Engine/Content/VREditor/TransformGizmo/PlaneTranslationHandle.uasset" 201
"../../../Engine/Content/VREditor/TransformGizmo/Main.uasset" 202
"../../../Engine/Content/VREditor/TransformGizmo/Xray.uasset" 203
"../../../Engine/Content/VREditor/TransformGizmo/SM_Sequencer_Key.uasset" 204
"../../../Engine/Content/VREditor/TransformGizmo/SM_Sequencer_Node.uasset" 205
"../../Plugins/2D/Paper2D/Content/PlaceholderTextures/DummySpriteTexture.uasset" 206
"../../Plugins/2D/Paper2D/Content/DummySprite.uasset" 207
"../../Plugins/2D/Paper2D/Content/DefaultPaperTerrainMaterial.uasset" 208
"../../Plugins/2D/Paper2D/Content/DefaultSpriteMaterial.uasset" 209
"../../Plugins/2D/Paper2D/Content/MaskedUnlitSpriteMaterial.uasset" 210
"../../Plugins/2D/Paper2D/Content/OpaqueUnlitSpriteMaterial.uasset" 211
"../../../Engine/Content/Functions/Engine_MaterialFunctions01/Texturing/FlattenNormal.uasset" 212
"../../../Engine/Content/EngineMaterials/FlatNormal.uasset" 213
"../../Plugins/Enterprise/DatasmithContent/Content/Materials/CE_BaseMaster.uasset" 214
"../../Plugins/Enterprise/DatasmithContent/Content/Materials/CE_OpacityMaster.uasset" 215
"../../Plugins/Enterprise/DatasmithContent/Content/Materials/CE_OpacitySimpleMaster.uasset" 216
"../../Plugins/Enterprise/DatasmithContent/Content/Materials/CE_OpaqueMaster.uasset" 217
"../../../Engine/Content/Functions/Engine_MaterialFunctions01/Texturing/ComputeMipLevel.uasset" 218
"../../../Engine/Content/Functions/Engine_MaterialFunctions01/Texturing/TextureCropping.uasset" 219
"../../../Engine/Content/Functions/Engine_MaterialFunctions02/ExampleContent/DebugNumberStrip.uasset" 220
"../../../Engine/Content/Functions/Engine_MaterialFunctions02/ExampleContent/Textures/DebugNumberPeriod.uasset" 221
"../../../Engine/Content/Functions/Engine_MaterialFunctions02/Utility/DebugScalarValues.uasset" 222
"../../../Engine/Content/Functions/Engine_MaterialFunctions02/Utility/DebugFloat3Values.uasset" 223
"../../../Engine/Content/Functions/Engine_MaterialFunctions02/Utility/MakeFloat3.uasset" 224
"../../../Engine/Content/Functions/Engine_MaterialFunctions02/Math/RGBtoHSV.uasset" 225
"../../Plugins/Enterprise/DatasmithContent/Content/Materials/Datasmith_Color.uasset" 226
"../../../Engine/Content/Functions/Engine_MaterialFunctions02/ExampleContent/Textures/flipbook.uasset" 227
"../../Plugins/Enterprise/DatasmithContent/Content/Materials/ExtractColor.uasset" 228
"../../../Engine/Content/Functions/Engine_MaterialFunctions02/Texturing/CustomRotator.uasset" 229
"../../Plugins/Enterprise/DatasmithContent/Content/Materials/UVEdit.uasset" 230
"../../Plugins/Enterprise/DatasmithContent/Content/Materials/Datasmith_Material.uasset" 231
"../../Plugins/Enterprise/DatasmithContent/Content/Materials/SketchUpMaster.uasset" 232
"../../Plugins/Enterprise/DatasmithContent/Content/Materials/FBXImporter/DeltaGenUVEdit.uasset" 233
"../../Plugins/Enterprise/DatasmithContent/Content/Materials/FBXImporter/DeltaGenBase.uasset" 234
"../../../Engine/Content/EngineMaterials/T_Default_Normal.uasset" 235
"../../Plugins/Enterprise/DatasmithContent/Content/Materials/FBXImporter/DeltaGenMaster.uasset" 236
"../../Plugins/Enterprise/DatasmithContent/Content/Materials/FBXImporter/DeltaGenMasterTransparent.uasset" 237
"../../Plugins/Enterprise/DatasmithContent/Content/Materials/FBXImporter/VREDUVEdit.uasset" 238
"../../Plugins/Enterprise/DatasmithContent/Content/Materials/FBXImporter/VREDBase.uasset" 239
"../../Plugins/Enterprise/DatasmithContent/Content/Materials/FBXImporter/VREDMaster.uasset" 240
"../../Plugins/Enterprise/DatasmithContent/Content/Materials/FBXImporter/VREDMasterTransparent.uasset" 241
"../../Plugins/Enterprise/DatasmithContent/Content/Materials/MDL/Base.uasset" 242
"../../../Engine/Content/EditorLandscapeResources/WhiteSquareTexture.uasset" 243
"../../Plugins/Enterprise/DatasmithContent/Content/Materials/MDL/ClearCoat.uasset" 244
"../../Plugins/Enterprise/DatasmithContent/Content/Materials/MDL/Emissive.uasset" 245
"../../Plugins/Enterprise/DatasmithContent/Content/Materials/MDL/BaseOpacity.uasset" 246
"../../../Engine/Content/Functions/Engine_MaterialFunctions02/Texturing/ScreenAlignedPixelToPixelUVs.uasset" 247
"../../../Engine/Content/Functions/Engine_MaterialFunctions02/Utility/DitherTemporalAA.uasset" 248
"../../Plugins/Enterprise/DatasmithContent/Content/Materials/MDL/Masked.uasset" 249
"../../Plugins/Enterprise/DatasmithContent/Content/Materials/MDL/Opaque.uasset" 250
"../../Plugins/Enterprise/DatasmithContent/Content/Materials/MDL/Transparent.uasset" 251
"../../Plugins/FX/Niagara/Content/DynamicInputs/Bool/ENiagaraBooleanLogicOps.uasset" 252
"../../Plugins/FX/Niagara/Content/Functions/Localspace/ENiagaraCoordinateSpace.uasset" 253
"../../Plugins/FX/Niagara/Content/Functions/Localspace/ENiagaraOrientationAxis.uasset" 254
"../../Plugins/Runtime/Oculus/OculusVR/Content/Materials/PokeAHoleMaterial.uasset" 255
"../../Plugins/Runtime/Oculus/OculusVR/Content/Textures/GearVRController_AO.uasset" 256
"../../Plugins/Runtime/Oculus/OculusVR/Content/Textures/GearVRController_Color.uasset" 257
"../../Plugins/Runtime/Oculus/OculusVR/Content/Textures/GearVRController_Normal.uasset" 258
"../../Plugins/Runtime/Oculus/OculusVR/Content/Materials/GearVRControllerMaterial.uasset" 259
"../../Plugins/Runtime/Oculus/OculusVR/Content/Meshes/GearVrController.uasset" 260
"../../Plugins/Runtime/Oculus/OculusVR/Content/Textures/touchController_albedo.uasset" 261
"../../Plugins/Runtime/Oculus/OculusVR/Content/Textures/touchController_controlmap.uasset" 262
"../../Plugins/Runtime/Oculus/OculusVR/Content/Materials/touchController_mat.uasset" 263
"../../Plugins/Runtime/Oculus/OculusVR/Content/Meshes/LeftTouchController.uasset" 264
"../../Plugins/Runtime/Oculus/OculusVR/Content/Meshes/RiftHMD.uasset" 265
"../../Plugins/Runtime/Oculus/OculusVR/Content/Meshes/RightTouchController.uasset" 266
"../../../../../../Users/Ezra/Documents/GitHub/Lightbulb/LightbulbProject/Content/Legacy_Assets/Essential_Kit/VirtualReality_original/Mannequin/Character/Mesh/MannequinHand_Right_Skeleton.uasset" 267
"../../../../../../Users/Ezra/Documents/GitHub/Lightbulb/LightbulbProject/Content/Legacy_Assets/Essential_Kit/VirtualReality_original/Mannequin/Animations/MannequinHand_Right_CanGrab.uasset" 268
"../../../../../../Users/Ezra/Documents/GitHub/Lightbulb/LightbulbProject/Content/Legacy_Assets/Essential_Kit/VirtualReality_original/Mannequin/Animations/MannequinHand_Right_Grab.uasset" 269
"../../../../../../Users/Ezra/Documents/GitHub/Lightbulb/LightbulbProject/Content/Legacy_Assets/Essential_Kit/VirtualReality_original/Mannequin/Animations/MannequinHand_Right_Open.uasset" 270
"../../../../../../Users/Ezra/Documents/GitHub/Lightbulb/LightbulbProject/Content/Legacy_Assets/Essential_Kit/VirtualReality_original/Mannequin/Animations/RightGrip_BS.uasset" 271
"../../../../../../Users/Ezra/Documents/GitHub/Lightbulb/LightbulbProject/Content/Legacy_Assets/Essential_Kit/VirtualRealityBP_Essential/Blueprints/GripEnum_Expansion.uasset" 272
"../../../../../../Users/Ezra/Documents/GitHub/Lightbulb/LightbulbProject/Content/Legacy_Assets/Essential_Kit/VirtualReality_original/Mannequin/Animations/RightHand_AnimBP.uasset" 273
"../../../../../../Users/Ezra/Documents/GitHub/Lightbulb/LightbulbProject/Content/Legacy_Assets/Essential_Kit/VirtualReality_original/Materials/MF_OccludedPixels.uasset" 274
"../../../../../../Users/Ezra/Documents/GitHub/Lightbulb/LightbulbProject/Content/Legacy_Assets/Essential_Kit/VirtualReality_original/Materials/TeleportMCP.uasset" 275
"../../../../../../Users/Ezra/Documents/GitHub/Lightbulb/LightbulbProject/Content/Legacy_Assets/Essential_Kit/VirtualReality_original/Materials/M_ArcEndpoint.uasset" 276
"../../../../../../Users/Ezra/Documents/GitHub/Lightbulb/LightbulbProject/Content/Legacy_Assets/Essential_Kit/VirtualReality_original/Materials/M_SplineArcMat.uasset" 277
"../../../../../../Users/Ezra/Documents/GitHub/Lightbulb/LightbulbProject/Content/Legacy_Assets/Essential_Kit/VirtualReality_original/Materials/M_TeleportPreviews.uasset" 278
"../../../../../../Users/Ezra/Documents/GitHub/Lightbulb/LightbulbProject/Content/Legacy_Assets/Essential_Kit/VirtualReality_original/Materials/MI_ChaperoneOutline.uasset" 279
"../../../../../../Users/Ezra/Documents/GitHub/Lightbulb/LightbulbProject/Content/Legacy_Assets/Essential_Kit/VirtualReality_original/Materials/MI_TeleportCylinderPreview.uasset" 280
"../../../../../../Users/Ezra/Documents/GitHub/Lightbulb/LightbulbProject/Content/Legacy_Assets/Essential_Kit/VirtualReality_original/Mannequin/Character/Textures/UE4_Mannequin__normals.uasset" 281
"../../../../../../Users/Ezra/Documents/GitHub/Lightbulb/LightbulbProject/Content/Legacy_Assets/Essential_Kit/VirtualReality_original/Mannequin/Character/Textures/UE4_Mannequin_MAT_MASKA.uasset" 282
"../../../../../../Users/Ezra/Documents/GitHub/Lightbulb/LightbulbProject/Content/Legacy_Assets/Essential_Kit/VirtualReality_original/Mannequin/Character/Materials/M_HandMat.uasset" 283
"../../../../../../Users/Ezra/Documents/GitHub/Lightbulb/LightbulbProject/Content/Legacy_Assets/Essential_Kit/VirtualReality_original/Mannequin/Character/Mesh/man_hand_right_phys.uasset" 284
"../../../../../../Users/Ezra/Documents/GitHub/Lightbulb/LightbulbProject/Content/Legacy_Assets/Essential_Kit/VirtualReality_original/Mannequin/Character/Mesh/MannequinHand_Right.uasset" 285
"../../../../../../Users/Ezra/Documents/GitHub/Lightbulb/LightbulbProject/Content/Legacy_Assets/Essential_Kit/VirtualReality_original/Meshes/1x1_cube.uasset" 286
"../../../../../../Users/Ezra/Documents/GitHub/Lightbulb/LightbulbProject/Content/Legacy_Assets/Essential_Kit/VirtualReality_original/Meshes/BeaconDirection.uasset" 287
"../../../../../../Users/Ezra/Documents/GitHub/Lightbulb/LightbulbProject/Content/Legacy_Assets/Essential_Kit/VirtualReality_original/Meshes/BeamMesh.uasset" 288
"../../../../../../Users/Ezra/Documents/GitHub/Lightbulb/LightbulbProject/Content/Legacy_Assets/Essential_Kit/VirtualReality_original/Meshes/SM_FatCylinder.uasset" 289
"../../../../../../Users/Ezra/Documents/GitHub/Lightbulb/LightbulbProject/Content/Legacy_Assets/Essential_Kit/VirtualRealityBP_Essential/Blueprints/BP_MotionController_Expansion.uasset" 290
"../../../../../../Users/Ezra/Documents/GitHub/Lightbulb/LightbulbProject/Content/Legacy_Assets/Essential_Kit/VirtualRealityBP_Essential/Blueprints/BI_InteractableActor_Expansion.uasset" 291
"../../../../../../Users/Ezra/Documents/GitHub/Lightbulb/LightbulbProject/Content/Legacy_Assets/Essential_Kit/VirtualRealityBP_Essential/Blueprints/MotionControllerPawn_Expansion.uasset" 292
"../../../../../../Users/Ezra/Documents/GitHub/Lightbulb/LightbulbProject/Content/Legacy_Assets/Essential_Kit/VR_Essential_Kit/Blueprints/BI_SlotActor_Essential.uasset" 293
"../../../../../../Users/Ezra/Documents/GitHub/Lightbulb/LightbulbProject/Content/Legacy_Assets/Essential_Kit/VirtualReality_original/Materials/M_BaseMaterial.uasset" 294
"../../../../../../Users/Ezra/Documents/GitHub/Lightbulb/LightbulbProject/Content/Legacy_Assets/Essential_Kit/VirtualReality_original/Materials/MI_SmallCubes.uasset" 295
"../../../../../../Users/Ezra/Documents/GitHub/Lightbulb/LightbulbProject/Content/Legacy_Assets/Essential_Kit/VR_Essential_Kit/Blueprints/ENUM_PickupObjectType_Essential.uasset" 296
"../../../../../../Users/Ezra/Documents/GitHub/Lightbulb/LightbulbProject/Content/Legacy_Assets/Essential_Kit/VR_Essential_Kit/Materials/CubeMaterial.uasset" 297
"../../../../../../Users/Ezra/Documents/GitHub/Lightbulb/LightbulbProject/Content/Legacy_Assets/Essential_Kit/VR_Essential_Kit/Meshes/1M_Cube.uasset" 298
"../../../../../../Users/Ezra/Documents/GitHub/Lightbulb/LightbulbProject/Content/Legacy_Assets/Essential_Kit/VR_Essential_Kit/Blueprints/BP_PickupObject_Essential.uasset" 299
"../../../Engine/Content/BasicShapes/BasicShapeMaterial.uasset" 300
"../../../../../../Users/Ezra/Documents/GitHub/Lightbulb/LightbulbProject/Content/Legacy_Assets/Essential_Kit/VR_Essential_Kit/Blueprints/BP_Slot_Essential.uasset" 301
"../../../Engine/Content/BasicShapes/Cube.uasset" 302
"../../../../../../Users/Ezra/Documents/GitHub/Lightbulb/LightbulbProject/Content/Legacy_Assets/Essential_Kit/VR_Essential_Kit/Blueprints/ENUM_InteractableActorType_Essetntial.uasset" 303
"../../../../../../Users/Ezra/Documents/GitHub/Lightbulb/LightbulbProject/Content/Legacy_Assets/Essential_Kit/VR_Essential_Kit/Blueprints/BP_InteractableActor_Essential.uasset" 304
"../../../Engine/Content/EngineSky/C_Sky_Cloud_Color.uasset" 305
"../../../Engine/Content/EngineSky/C_Sky_Horizon_Color.uasset" 306
"../../../Engine/Content/EngineSky/C_Sky_Zenith_Color.uasset" 307
"../../../Engine/Content/EngineSky/T_Sky_Blue.uasset" 308
"../../../Engine/Content/EngineSky/T_Sky_Clouds_M.uasset" 309
"../../../Engine/Content/EngineSky/T_Sky_Stars.uasset" 310
"../../../Engine/Content/EngineSky/M_Sky_Panning_Clouds2.uasset" 311
"../../../Engine/Content/EngineSky/SM_SkySphere.uasset" 312
"../../../Engine/Content/EngineSky/BP_Sky_Sphere.uasset" 313
"../../../../../../Users/Ezra/Documents/GitHub/Lightbulb/LightbulbProject/Content/Legacy_Assets/DemoRoom/Materials/DefaultTextMaterialTranslucentUnlit.uasset" 314
"../../../../../../Users/Ezra/Documents/GitHub/Lightbulb/LightbulbProject/Content/Legacy_Assets/DemoRoom/Materials/M_DemoWall.uasset" 315
"../../../../../../Users/Ezra/Documents/GitHub/Lightbulb/LightbulbProject/Content/Legacy_Assets/DemoRoom/Materials/M_DemoWall_Inst.uasset" 316
"../../../../../../Users/Ezra/Documents/GitHub/Lightbulb/LightbulbProject/Content/Legacy_Assets/DemoRoom/Materials/M_DemoWall_Inst_3.uasset" 317
"../../../../../../Users/Ezra/Documents/GitHub/Lightbulb/LightbulbProject/Content/Legacy_Assets/DemoRoom/Materials/M_DemoWall_Inst_NamePlate.uasset" 318
"../../../../../../Users/Ezra/Documents/GitHub/Lightbulb/LightbulbProject/Content/Legacy_Assets/DemoRoom/Materials/M_DemoWall_Inst_BaseFloor_Inst.uasset" 319
"../../../../../../Users/Ezra/Documents/GitHub/Lightbulb/LightbulbProject/Content/Legacy_Assets/DemoRoom/BluePrint/BP_DemoDisplay_Enum.uasset" 320
"../../../../../../Users/Ezra/Documents/GitHub/Lightbulb/LightbulbProject/Content/Legacy_Assets/DemoRoom/Meshes/SM_Base.uasset" 321
"../../../../../../Users/Ezra/Documents/GitHub/Lightbulb/LightbulbProject/Content/Legacy_Assets/DemoRoom/Materials/M_DemoWall_Inst2.uasset" 322
"../../../../../../Users/Ezra/Documents/GitHub/Lightbulb/LightbulbProject/Content/Legacy_Assets/DemoRoom/Meshes/SM_Base2.uasset" 323
"../../../../../../Users/Ezra/Documents/GitHub/Lightbulb/LightbulbProject/Content/Legacy_Assets/DemoRoom/Meshes/SM_Base_FlatWall.uasset" 324
"../../../../../../Users/Ezra/Documents/GitHub/Lightbulb/LightbulbProject/Content/Legacy_Assets/DemoRoom/Meshes/SM_BaseRoom.uasset" 325
"../../../../../../Users/Ezra/Documents/GitHub/Lightbulb/LightbulbProject/Content/Legacy_Assets/DemoRoom/Meshes/SM_NamePlate.uasset" 326
"../../../../../../Users/Ezra/Documents/GitHub/Lightbulb/LightbulbProject/Content/Legacy_Assets/DemoRoom/BluePrint/BP_DemoDisplay.uasset" 327
"../../../../../../Users/Ezra/Documents/GitHub/Lightbulb/LightbulbProject/Content/Legacy_Assets/DemoRoom/Textures/T_UnrealEngineDecal.uasset" 328
"../../../../../../Users/Ezra/Documents/GitHub/Lightbulb/LightbulbProject/Content/Legacy_Assets/DemoRoom/Materials/M_Glass.uasset" 329
"../../../../../../Users/Ezra/Documents/GitHub/Lightbulb/LightbulbProject/Content/Legacy_Assets/DemoRoom/Textures/T_RoomTiles_M.uasset" 330
"../../../../../../Users/Ezra/Documents/GitHub/Lightbulb/LightbulbProject/Content/Legacy_Assets/DemoRoom/Textures/T_RoomTiles_N.uasset" 331
"../../../../../../Users/Ezra/Documents/GitHub/Lightbulb/LightbulbProject/Content/Legacy_Assets/DemoRoom/Materials/M_DemoRoomTiles.uasset" 332
"../../../../../../Users/Ezra/Documents/GitHub/Lightbulb/LightbulbProject/Content/Legacy_Assets/DemoRoom/Materials/M_DemoRoomTiles_Inst.uasset" 333
"../../../../../../Users/Ezra/Documents/GitHub/Lightbulb/LightbulbProject/Content/Legacy_Assets/DemoRoom/Textures/T_Pattern_M.uasset" 334
"../../../../../../Users/Ezra/Documents/GitHub/Lightbulb/LightbulbProject/Content/Legacy_Assets/DemoRoom/Materials/M_DemoWallPattern.uasset" 335
"../../../../../../Users/Ezra/Documents/GitHub/Lightbulb/LightbulbProject/Content/Legacy_Assets/DemoRoom/Materials/M_DemoWallPattern_Inst.uasset" 336
"../../../../../../Users/Ezra/Documents/GitHub/Lightbulb/LightbulbProject/Content/Legacy_Assets/DemoRoom/Materials/M_DemoWallPattern_Inst_Mirrored.uasset" 337
"../../../../../../Users/Ezra/Documents/GitHub/Lightbulb/LightbulbProject/Content/Legacy_Assets/DemoRoom/Materials/M_DemoWallPattern_NoText.uasset" 338
"../../../../../../Users/Ezra/Documents/GitHub/Lightbulb/LightbulbProject/Content/Legacy_Assets/DemoRoom/Materials/M_Glass_Inst.uasset" 339
"../../../../../../Users/Ezra/Documents/GitHub/Lightbulb/LightbulbProject/Content/Legacy_Assets/DemoRoom/BluePrint/BP_DemoRoom_Enum.uasset" 340
"../../../../../../Users/Ezra/Documents/GitHub/Lightbulb/LightbulbProject/Content/Legacy_Assets/DemoRoom/Meshes/SM_DemoDivider_1.uasset" 341
"../../../../../../Users/Ezra/Documents/GitHub/Lightbulb/LightbulbProject/Content/Legacy_Assets/DemoRoom/Meshes/SM_DemoDivider_2.uasset" 342
"../../../../../../Users/Ezra/Documents/GitHub/Lightbulb/LightbulbProject/Content/Legacy_Assets/DemoRoom/Meshes/SM_DemoRoomBackWall.uasset" 343
"../../../../../../Users/Ezra/Documents/GitHub/Lightbulb/LightbulbProject/Content/Legacy_Assets/DemoRoom/Materials/M_DemoWall_MattPlastic.uasset" 344
"../../../../../../Users/Ezra/Documents/GitHub/Lightbulb/LightbulbProject/Content/Legacy_Assets/DemoRoom/Meshes/SM_DemoRoomBackWall2.uasset" 345
"../../../../../../Users/Ezra/Documents/GitHub/Lightbulb/LightbulbProject/Content/Legacy_Assets/DemoRoom/Materials/M_LightTube.uasset" 346
"../../../../../../Users/Ezra/Documents/GitHub/Lightbulb/LightbulbProject/Content/Legacy_Assets/DemoRoom/Materials/M_LightTube_Inst.uasset" 347
"../../../../../../Users/Ezra/Documents/GitHub/Lightbulb/LightbulbProject/Content/Legacy_Assets/DemoRoom/Meshes/SM_DemoRoomClamp.uasset" 348
"../../../../../../Users/Ezra/Documents/GitHub/Lightbulb/LightbulbProject/Content/Legacy_Assets/DemoRoom/Meshes/SM_DemoRoomClamp2.uasset" 349
"../../../../../../Users/Ezra/Documents/GitHub/Lightbulb/LightbulbProject/Content/Legacy_Assets/DemoRoom/Meshes/SM_DemoRoomL.uasset" 350
"../../../../../../Users/Ezra/Documents/GitHub/Lightbulb/LightbulbProject/Content/Legacy_Assets/DemoRoom/Meshes/SM_DemoRoomLTrim.uasset" 351
"../../../../../../Users/Ezra/Documents/GitHub/Lightbulb/LightbulbProject/Content/Legacy_Assets/DemoRoom/Meshes/SM_DemoRoomTrim.uasset" 352
"../../../../../../Users/Ezra/Documents/GitHub/Lightbulb/LightbulbProject/Content/Legacy_Assets/DemoRoom/Meshes/SM_DemoRoomTrim2.uasset" 353
"../../../../../../Users/Ezra/Documents/GitHub/Lightbulb/LightbulbProject/Content/Legacy_Assets/DemoRoom/Meshes/SM_DemoRoomTrimAdd.uasset" 354
"../../../../../../Users/Ezra/Documents/GitHub/Lightbulb/LightbulbProject/Content/Legacy_Assets/DemoRoom/Meshes/SM_DemoRoomU.uasset" 355
"../../../../../../Users/Ezra/Documents/GitHub/Lightbulb/LightbulbProject/Content/Legacy_Assets/DemoRoom/Meshes/SM_DemoRoomU2.uasset" 356
"../../../../../../Users/Ezra/Documents/GitHub/Lightbulb/LightbulbProject/Content/Legacy_Assets/DemoRoom/Meshes/SM_DemoRoomU_Hole.uasset" 357
"../../../../../../Users/Ezra/Documents/GitHub/Lightbulb/LightbulbProject/Content/Legacy_Assets/DemoRoom/Meshes/SM_URoom_Wall.uasset" 358
"../../../../../../Users/Ezra/Documents/GitHub/Lightbulb/LightbulbProject/Content/Legacy_Assets/DemoRoom/Meshes/SM_URoom_Wall2.uasset" 359
"../../../../../../Users/Ezra/Documents/GitHub/Lightbulb/LightbulbProject/Content/Legacy_Assets/DemoRoom/BluePrint/BP_DemoRoom.uasset" 360
"../../../../../../Users/Ezra/Documents/GitHub/Lightbulb/LightbulbProject/Content/Legacy_Assets/DemoRoom/BluePrint/BP_Locked.uasset" 361
"../../../../../../Users/Ezra/Documents/GitHub/Lightbulb/LightbulbProject/Content/Legacy_Assets/DemoRoom/BluePrint/BP_Position.uasset" 362
"../../../../../../Users/Ezra/Documents/GitHub/Lightbulb/LightbulbProject/Content/Legacy_Assets/DemoRoom/BluePrint/BP_Turn.uasset" 363
"../../../../../../Users/Ezra/Documents/GitHub/Lightbulb/LightbulbProject/Content/Legacy_Assets/Essential_Kit/VR_Essential_Kit/Blueprints/BP_Frame_Essential.uasset" 364
"../../../../../../Users/Ezra/Documents/GitHub/Lightbulb/LightbulbProject/Content/Legacy_Assets/Essential_Kit/VR_Essential_Kit/Materials/Key_0.uasset" 365
"../../../../../../Users/Ezra/Documents/GitHub/Lightbulb/LightbulbProject/Content/Legacy_Assets/Essential_Kit/VR_Essential_Kit/Materials/key_1.uasset" 366
"../../../../../../Users/Ezra/Documents/GitHub/Lightbulb/LightbulbProject/Content/Legacy_Assets/Essential_Kit/VR_Essential_Kit/Meshes/SM_Button.uasset" 367
"../../../../../../Users/Ezra/Documents/GitHub/Lightbulb/LightbulbProject/Content/Legacy_Assets/Essential_Kit/VR_Essential_Kit/Meshes/SM_ButtonBase.uasset" 368
"../../../../../../Users/Ezra/Documents/GitHub/Lightbulb/LightbulbProject/Content/Legacy_Assets/Essential_Kit/VR_Essential_Kit/Meshes/SM_Chest.uasset" 369
"../../../../../../Users/Ezra/Documents/GitHub/Lightbulb/LightbulbProject/Content/Legacy_Assets/Essential_Kit/VR_Essential_Kit/Meshes/SM_Chest2.uasset" 370
"../../../../../../Users/Ezra/Documents/GitHub/Lightbulb/LightbulbProject/Content/Legacy_Assets/Essential_Kit/VR_Essential_Kit/Meshes/SM_Chest2OutterBox.uasset" 371
"../../../../../../Users/Ezra/Documents/GitHub/Lightbulb/LightbulbProject/Content/Legacy_Assets/Essential_Kit/VR_Essential_Kit/Meshes/SM_ChestDrawer.uasset" 372
"../../../../../../Users/Ezra/Documents/GitHub/Lightbulb/LightbulbProject/Content/Legacy_Assets/Essential_Kit/VR_Essential_Kit/Meshes/SM_Door.uasset" 373
"../../../../../../Users/Ezra/Documents/GitHub/Lightbulb/LightbulbProject/Content/Legacy_Assets/Essential_Kit/VR_Essential_Kit/Meshes/SM_DoorFrame.uasset" 374
"../../../../../../Users/Ezra/Documents/GitHub/Lightbulb/LightbulbProject/Content/Legacy_Assets/Essential_Kit/VR_Essential_Kit/Maps/DemoMap.umap" 375
"../../../../../../Users/Ezra/Documents/GitHub/Lightbulb/LightbulbProject/Content/Lightbulb_Main/Hall_BuiltData.uasset" 376
"../../../../../../Users/Ezra/Documents/GitHub/Lightbulb/LightbulbProject/Content/Lightbulb_Main/Hall.umap" 377
"../../../../../../Users/Ezra/Documents/GitHub/Lightbulb/LightbulbProject/Content/Lightbulb_Main/hubroom_BuiltData.uasset" 378
"../../../../../../Users/Ezra/Documents/GitHub/Lightbulb/LightbulbProject/Content/Lightbulb_Main/hubroom.umap" 379
"../../../../../../Users/Ezra/Documents/GitHub/Lightbulb/LightbulbProject/Content/Lightbulb_Main/Main_Test_Room_BuiltData.uasset" 380
"../../../../../../Users/Ezra/Documents/GitHub/Lightbulb/LightbulbProject/Content/Legacy_Assets/G_Hall_files/Meshes/Basketball/Basketball-ColorMap.uasset" 381
"../../../../../../Users/Ezra/Documents/GitHub/Lightbulb/LightbulbProject/Content/Lightbulb_Main/Assets/Meshes/CellShading.uasset" 382
"../../../../../../Users/Ezra/Documents/GitHub/Lightbulb/LightbulbProject/Content/Lightbulb_Main/Main_Test_Room.umap" 383
"../../../../../../Users/Ezra/Documents/GitHub/Lightbulb/LightbulbProject/Content/VirtualReality/Materials/M_BaseMaterial.uasset" 384
"../../../../../../Users/Ezra/Documents/GitHub/Lightbulb/LightbulbProject/Content/VirtualReality/Materials/MI_SmallCubes.uasset" 385
"../../../../../../Users/Ezra/Documents/GitHub/Lightbulb/LightbulbProject/Content/VirtualRealityBP/Blueprints/BP_PickupCube.uasset" 386
"../../../../../../Users/Ezra/Documents/GitHub/Lightbulb/LightbulbProject/Content/Lightbulb_Main/Assets/Blueprints/Hangman_Block.uasset" 387
"../../../../../../Users/Ezra/Documents/GitHub/Lightbulb/LightbulbProject/Content/Lightbulb_Main/Assets/Blueprints/Tile.uasset" 388
"../../../../../../Users/Ezra/Documents/GitHub/Lightbulb/LightbulbProject/Content/Lightbulb_Main/Rooms_BuiltData.uasset" 389
"../../../../../../Users/Ezra/Documents/GitHub/Lightbulb/LightbulbProject/Content/1st_project/StarterContent/Textures/T_MacroVariation.uasset" 390
"../../../../../../Users/Ezra/Documents/GitHub/Lightbulb/LightbulbProject/Content/1st_project/StarterContent/Textures/T_Perlin_Noise_M.uasset" 391
"../../../../../../Users/Ezra/Documents/GitHub/Lightbulb/LightbulbProject/Content/1st_project/StarterContent/Textures/T_Wood_Pine_D.uasset" 392
"../../../../../../Users/Ezra/Documents/GitHub/Lightbulb/LightbulbProject/Content/1st_project/StarterContent/Textures/T_Wood_Pine_N.uasset" 393
"../../../../../../Users/Ezra/Documents/GitHub/Lightbulb/LightbulbProject/Content/1st_project/StarterContent/Materials/M_Wood_Pine.uasset" 394
"../../../Engine/Content/Functions/Engine_MaterialFunctions02/Utility/BlendAngleCorrectedNormals.uasset" 395
"../../../../../../Users/Ezra/Documents/GitHub/Lightbulb/LightbulbProject/Content/Lightbulb_Main/Assets/Materials/rug_top_normal.uasset" 396
"../../../../../../Users/Ezra/Documents/GitHub/Lightbulb/LightbulbProject/Content/Lightbulb_Main/Assets/Textures/rug.uasset" 397
"../../../../../../Users/Ezra/Documents/GitHub/Lightbulb/LightbulbProject/Content/Lightbulb_Main/Assets/Textures/rug_Normal.uasset" 398
"../../../../../../Users/Ezra/Documents/GitHub/Lightbulb/LightbulbProject/Content/Lightbulb_Main/Assets/Materials/rug_Mat.uasset" 399
"../../../../../../Users/Ezra/Documents/GitHub/Lightbulb/LightbulbProject/Content/Materials/Black.uasset" 400
"../../../../../../Users/Ezra/Documents/GitHub/Lightbulb/LightbulbProject/Content/Materials/Blue.uasset" 401
"../../../../../../Users/Ezra/Documents/GitHub/Lightbulb/LightbulbProject/Content/Materials/Dark_Red.uasset" 402
"../../../../../../Users/Ezra/Documents/GitHub/Lightbulb/LightbulbProject/Content/Materials/Grey.uasset" 403
"../../../../../../Users/Ezra/Documents/GitHub/Lightbulb/LightbulbProject/Content/Materials/Pink.uasset" 404
"../../../../../../Users/Ezra/Documents/GitHub/Lightbulb/LightbulbProject/Content/Materials/Red.uasset" 405
"../../../../../../Users/Ezra/Documents/GitHub/Lightbulb/LightbulbProject/Content/Materials/Turquoise.uasset" 406
"../../../../../../Users/Ezra/Documents/GitHub/Lightbulb/LightbulbProject/Content/Lightbulb_Main/Assets/Materials/Rug_Inst.uasset" 407
"../../../../../../Users/Ezra/Documents/GitHub/Lightbulb/LightbulbProject/Content/Lightbulb_Main/Assets/Textures/window_Plastic_BaseColor.uasset" 408
"../../../../../../Users/Ezra/Documents/GitHub/Lightbulb/LightbulbProject/Content/Lightbulb_Main/Assets/Textures/window_Plastic_Normal.uasset" 409
"../../../../../../Users/Ezra/Documents/GitHub/Lightbulb/LightbulbProject/Content/Lightbulb_Main/Assets/Textures/window_Plastic_OcclusionRoughnessMetallic.uasset" 410
"../../../../../../Users/Ezra/Documents/GitHub/Lightbulb/LightbulbProject/Content/Lightbulb_Main/Assets/Materials/Window_Metal.uasset" 411
"../../../../../../Users/Ezra/Documents/GitHub/Lightbulb/LightbulbProject/Content/Lightbulb_Main/Assets/Textures/window_Wood_BaseColor.uasset" 412
"../../../../../../Users/Ezra/Documents/GitHub/Lightbulb/LightbulbProject/Content/Lightbulb_Main/Assets/Textures/window_Wood_Normal.uasset" 413
"../../../../../../Users/Ezra/Documents/GitHub/Lightbulb/LightbulbProject/Content/Lightbulb_Main/Assets/Textures/window_Wood_OcclusionRoughnessMetallic.uasset" 414
"../../../../../../Users/Ezra/Documents/GitHub/Lightbulb/LightbulbProject/Content/Lightbulb_Main/Assets/Materials/Window_Wood.uasset" 415
"../../../../../../Users/Ezra/Documents/GitHub/Lightbulb/LightbulbProject/Content/Lightbulb_Main/Assets/Textures/RainLittleNormal.uasset" 416
"../../../../../../Users/Ezra/Documents/GitHub/Lightbulb/LightbulbProject/Content/Lightbulb_Main/Assets/Textures/RainMapBaseColor.uasset" 417
"../../../../../../Users/Ezra/Documents/GitHub/Lightbulb/LightbulbProject/Content/Lightbulb_Main/Assets/Textures/RainMapNormal.uasset" 418
"../../../../../../Users/Ezra/Documents/GitHub/Lightbulb/LightbulbProject/Content/Lightbulb_Main/Assets/Materials/RainyGlass.uasset" 419
"../../../../../../Users/Ezra/Documents/GitHub/Lightbulb/LightbulbProject/Content/Lightbulb_Main/Assets/Materials/Rainy_Glass_Windows.uasset" 420
"../../../../../../Users/Ezra/Documents/GitHub/Lightbulb/LightbulbProject/Content/Lightbulb_Main/Assets/Meshes/window.uasset" 421
"../../../../../../Users/Ezra/Documents/GitHub/Lightbulb/LightbulbProject/Content/Lightbulb_Main/Rooms.umap" 422
"../../../../../../Users/Ezra/Documents/GitHub/Lightbulb/LightbulbProject/Content/Lightbulb_Main/Room_Hangman_BuiltData.uasset" 423
"../../../../../../Users/Ezra/Documents/GitHub/Lightbulb/LightbulbProject/Content/Lightbulb_Main/Room_Hangman.umap" 424
"../../../../../../Users/Ezra/Documents/GitHub/Lightbulb/LightbulbProject/Content/Lightbulb_Main/Assets/Meshes/Chandelier_Skeleton.uasset" 425
"../../../../../../Users/Ezra/Documents/GitHub/Lightbulb/LightbulbProject/Content/Lightbulb_Main/Assets/Meshes/Chandelieranimation.uasset" 426
"../../../../../../Users/Ezra/Documents/GitHub/Lightbulb/LightbulbProject/Content/Lightbulb_Main/Room_Maze_BuiltData.uasset" 427
"../../../../../../Users/Ezra/Documents/GitHub/Lightbulb/LightbulbProject/Content/Lightbulb_Main/Assets/Materials/vintage-paper-wallpaper-texture-1.uasset" 428
"../../../../../../Users/Ezra/Documents/GitHub/Lightbulb/LightbulbProject/Content/Lightbulb_Main/Assets/Materials/WallpaperTemp.uasset" 429
"../../../../../../Users/Ezra/Documents/GitHub/Lightbulb/LightbulbProject/Content/Foliage/Textures/Ground/tex_dirt_diff.uasset" 430
"../../../../../../Users/Ezra/Documents/GitHub/Lightbulb/LightbulbProject/Content/Lightbulb_Main/Assets/Materials/Moon.uasset" 431
"../../../../../../Users/Ezra/Documents/GitHub/Lightbulb/LightbulbProject/Content/Lightbulb_Main/Assets/Materials/Moon_Inst.uasset" 432
"../../../../../../Users/Ezra/Documents/GitHub/Lightbulb/LightbulbProject/Content/Lightbulb_Main/Assets/Textures/Chandelier_ChainMetal_BaseColor.uasset" 433
"../../../../../../Users/Ezra/Documents/GitHub/Lightbulb/LightbulbProject/Content/Lightbulb_Main/Assets/Textures/Chandelier_ChainMetal_Normal.uasset" 434
"../../../../../../Users/Ezra/Documents/GitHub/Lightbulb/LightbulbProject/Content/Lightbulb_Main/Assets/Textures/Chandelier_ChainMetal_OcclusionRoughnessMetallic.uasset" 435
"../../../../../../Users/Ezra/Documents/GitHub/Lightbulb/LightbulbProject/Content/Lightbulb_Main/Assets/Meshes/ChainMetal.uasset" 436
"../../../../../../Users/Ezra/Documents/GitHub/Lightbulb/LightbulbProject/Content/Lightbulb_Main/Assets/Textures/Chandelier_SolidMetal_BaseColor.uasset" 437
"../../../../../../Users/Ezra/Documents/GitHub/Lightbulb/LightbulbProject/Content/Lightbulb_Main/Assets/Textures/Chandelier_SolidMetal_Normal.uasset" 438
"../../../../../../Users/Ezra/Documents/GitHub/Lightbulb/LightbulbProject/Content/Lightbulb_Main/Assets/Textures/Chandelier_SolidMetal_OcclusionRoughnessMetallic.uasset" 439
"../../../../../../Users/Ezra/Documents/GitHub/Lightbulb/LightbulbProject/Content/Lightbulb_Main/Assets/Meshes/SolidMetal.uasset" 440
"../../../../../../Users/Ezra/Documents/GitHub/Lightbulb/LightbulbProject/Content/Lightbulb_Main/Assets/Textures/Chandelier_Wood_BaseColor.uasset" 441
"../../../../../../Users/Ezra/Documents/GitHub/Lightbulb/LightbulbProject/Content/Lightbulb_Main/Assets/Textures/Chandelier_Wood_Normal.uasset" 442
"../../../../../../Users/Ezra/Documents/GitHub/Lightbulb/LightbulbProject/Content/Lightbulb_Main/Assets/Textures/Chandelier_Wood_OcclusionRoughnessMetallic.uasset" 443
"../../../../../../Users/Ezra/Documents/GitHub/Lightbulb/LightbulbProject/Content/Lightbulb_Main/Assets/Meshes/Wood.uasset" 444
"../../../../../../Users/Ezra/Documents/GitHub/Lightbulb/LightbulbProject/Content/Lightbulb_Main/Assets/Meshes/Chandelier_PhysicsAsset.uasset" 445
"../../../../../../Users/Ezra/Documents/GitHub/Lightbulb/LightbulbProject/Content/Lightbulb_Main/Assets/Meshes/Chandelier.uasset" 446
"../../../../../../Users/Ezra/Documents/GitHub/Lightbulb/LightbulbProject/Content/M_rainfall/p_rainfall.uasset" 447
"../../../../../../Users/Ezra/Documents/GitHub/Lightbulb/LightbulbProject/Content/Lightbulb_Main/Room_Maze.umap" 448
"../../../../../../Users/Ezra/Documents/GitHub/Lightbulb/LightbulbProject/Content/Lightbulb_Main/Room_Tile_BuiltData.uasset" 449
"../../../../../../Users/Ezra/Documents/GitHub/Lightbulb/LightbulbProject/Content/Lightbulb_Main/Room_Tile.umap" 450
"../../../../../../Users/Ezra/Documents/GitHub/Lightbulb/LightbulbProject/Content/VirtualRealityBP/Maps/Floor_maze_BuiltData.uasset" 451
"../../../Engine/Content/Functions/Engine_MaterialFunctions02/Utility/BreakOutFloat4Components.uasset" 452
"../../../Engine/Content/Functions/Engine_MaterialFunctions02/Utility/DebugFloat4Values.uasset" 453
"../../../../../../Users/Ezra/Documents/GitHub/Lightbulb/LightbulbProject/Content/Materials/Datasmith_Color.uasset" 454
"../../../../../../Users/Ezra/Documents/GitHub/Lightbulb/LightbulbProject/Content/Materials/Datasmith_Color_Inst.uasset" 455
"../../../Engine/Content/VREditor/BasicMeshes/T_CleanFloorGrunge_01_D.uasset" 456
"../../../Engine/Content/VREditor/BasicMeshes/M_Floor_01.uasset" 457
"../../../Engine/Content/VREditor/BasicMeshes/SM_Room_01.uasset" 458
"../../../../../../Users/Ezra/Documents/GitHub/Lightbulb/LightbulbProject/Content/VirtualRealityBP/Maps/Floor_maze.umap" 459
"../../../../../../Users/Ezra/Documents/GitHub/Lightbulb/LightbulbProject/Content/1st_project/G_Hall_files/Textures/BrickGenerator_Base_Color.uasset" 460
"../../../../../../Users/Ezra/Documents/GitHub/Lightbulb/LightbulbProject/Content/1st_project/G_Hall_files/Textures/BrickGenerator_Metallic.uasset" 461
"../../../../../../Users/Ezra/Documents/GitHub/Lightbulb/LightbulbProject/Content/1st_project/G_Hall_files/Textures/BrickGenerator_Normal.uasset" 462
"../../../../../../Users/Ezra/Documents/GitHub/Lightbulb/LightbulbProject/Content/1st_project/G_Hall_files/Textures/BrickGenerator_Roughness.uasset" 463
"../../../../../../Users/Ezra/Documents/GitHub/Lightbulb/LightbulbProject/Content/1st_project/G_Hall_files/Materials/Wall_materials/Painted_Cinder_Blocks_MAT.uasset" 464
"../../../../../../Users/Ezra/Documents/GitHub/Lightbulb/LightbulbProject/Content/1st_project/G_Hall_files/Materials/Wall_materials/Painted_Cinder_Blocks_MAT_Inst.uasset" 465
"../../../Engine/Content/MapTemplates/Sky/DaylightAmbientCubemap.uasset" 466
"../../../../../../Users/Ezra/Documents/GitHub/Lightbulb/LightbulbProject/Content/VirtualRealityBP/Maps/G_Hall_brushes_editor.umap" 467
"../../../../../../Users/Ezra/Documents/GitHub/Lightbulb/LightbulbProject/Content/VirtualRealityBP/Maps/StartupMap_BuiltData.uasset" 468
"../../../../../../Users/Ezra/Documents/GitHub/Lightbulb/LightbulbProject/Content/1st_project/StarterContent/Materials/M_Basic_Wall.uasset" 469
"../../../../../../Users/Ezra/Documents/GitHub/Lightbulb/LightbulbProject/Content/1st_project/G_Hall_files/Meshes/Ceiling/Tile_main_DefaultMaterial_BaseColor.uasset" 470
"../../../../../../Users/Ezra/Documents/GitHub/Lightbulb/LightbulbProject/Content/1st_project/G_Hall_files/Meshes/Ceiling/Tile_main_DefaultMaterial_Normal.uasset" 471
"../../../../../../Users/Ezra/Documents/GitHub/Lightbulb/LightbulbProject/Content/1st_project/G_Hall_files/Meshes/Ceiling/Tile_main_DefaultMaterial_OcclusionRoughnessMetallic.uasset" 472
"../../../../../../Users/Ezra/Documents/GitHub/Lightbulb/LightbulbProject/Content/1st_project/G_Hall_files/Meshes/Ceiling/Tile_main_M.uasset" 473
"../../../../../../Users/Ezra/Documents/GitHub/Lightbulb/LightbulbProject/Content/1st_project/G_Hall_files/Meshes/Ceiling/Tile_Inst.uasset" 474
"../../../../../../Users/Ezra/Documents/GitHub/Lightbulb/LightbulbProject/Content/VirtualRealityBP/Maps/StartupMap.umap" 475
"../../../../../../Users/Ezra/Documents/GitHub/Lightbulb/LightbulbProject/Content/Legacy_Assets/Legacy_Blueprints/Box.uasset" 476
"../../../../../../Users/Ezra/Documents/GitHub/Lightbulb/LightbulbProject/Content/VirtualRealityBP/Maps/Tile_Puzzle_BuiltData.uasset" 477
"../../../Engine/Content/MapTemplates/SM_Template_Map_Floor.uasset" 478
"../../../../../../Users/Ezra/Documents/GitHub/Lightbulb/LightbulbProject/Content/VirtualRealityBP/Maps/Tile_Puzzle.umap" 479
"../../../../../../Users/Ezra/Documents/GitHub/Lightbulb/LightbulbProject/Content/VirtualRealityBP/Maps/Time_Puzzle_BuiltData.uasset" 480
"../../../../../../Users/Ezra/Documents/GitHub/Lightbulb/LightbulbProject/Content/Legacy_Assets/StarterContent/Textures/T_Ground_Grass_D.uasset" 481
"../../../../../../Users/Ezra/Documents/GitHub/Lightbulb/LightbulbProject/Content/Legacy_Assets/StarterContent/Textures/T_Ground_Grass_N.uasset" 482
"../../../../../../Users/Ezra/Documents/GitHub/Lightbulb/LightbulbProject/Content/Legacy_Assets/StarterContent/Textures/T_MacroVariation.uasset" 483
"../../../../../../Users/Ezra/Documents/GitHub/Lightbulb/LightbulbProject/Content/Legacy_Assets/StarterContent/Textures/T_Perlin_Noise_M.uasset" 484
"../../../../../../Users/Ezra/Documents/GitHub/Lightbulb/LightbulbProject/Content/Legacy_Assets/StarterContent/Materials/M_Ground_Grass.uasset" 485
"../../../../../../Users/Ezra/Documents/GitHub/Lightbulb/LightbulbProject/Content/Legacy_Assets/StarterContent/Materials/M_Ground_Grass1.uasset" 486
"../../../../../../Users/Ezra/Documents/GitHub/Lightbulb/LightbulbProject/Content/VirtualRealityBP/Maps/Time_Puzzle.umap" 487
"../../../../../../Users/Ezra/Documents/GitHub/Lightbulb/LightbulbProject/Content/VirtualRealityBP/Maps/Time_Room_BuiltData.uasset" 488
"../../../../../../Users/Ezra/Documents/GitHub/Lightbulb/LightbulbProject/Content/Legacy_Assets/StarterContent/Materials/M_Basic_Wall.uasset" 489
"../../../../../../Users/Ezra/Documents/GitHub/Lightbulb/LightbulbProject/Content/Legacy_Assets/StarterContent/Textures/T_Metal_Steel_D.uasset" 490
"../../../../../../Users/Ezra/Documents/GitHub/Lightbulb/LightbulbProject/Content/Legacy_Assets/StarterContent/Textures/T_Metal_Steel_N.uasset" 491
"../../../../../../Users/Ezra/Documents/GitHub/Lightbulb/LightbulbProject/Content/Legacy_Assets/StarterContent/Materials/M_Metal_Steel.uasset" 492
"../../../../../../Users/Ezra/Documents/GitHub/Lightbulb/LightbulbProject/Content/Legacy_Assets/StarterContent/Textures/T_Wood_Pine_D.uasset" 493
"../../../../../../Users/Ezra/Documents/GitHub/Lightbulb/LightbulbProject/Content/Legacy_Assets/StarterContent/Textures/T_Wood_Pine_N.uasset" 494
"../../../../../../Users/Ezra/Documents/GitHub/Lightbulb/LightbulbProject/Content/Legacy_Assets/StarterContent/Materials/M_Wood_Pine.uasset" 495
"../../../../../../Users/Ezra/Documents/GitHub/Lightbulb/LightbulbProject/Content/VirtualRealityBP/Maps/Time_Room.umap" 496
"../../../Engine/Content/Maps/Entry_BuiltData.uasset" 497
"../../../Engine/Content/Maps/Entry.umap" 498
